[2018-02-10 10:27:05,165] [INFO] Starting [Electroneum GUI Wallet v.0.4.0]...
[2018-02-10 10:28:39,096] [INFO] Electroneum Wallet is about to quit...
[2018-02-10 10:29:22,433] [INFO] Starting [Stellite GUI Wallet v.0.0.1]...
[2018-02-10 10:36:35,759] [INFO] Closing new wallet dialog...
[2018-02-10 10:37:20,460] [INFO] Stellite Wallet is about to quit...
[2018-02-10 10:39:55,776] [INFO] Starting [Stellite GUI Wallet v.0.0.1]...
[2018-02-10 10:40:34,401] [INFO] Stellite Wallet is about to quit...
[2018-02-10 10:42:54,375] [INFO] Starting [Stellite GUI Wallet v.0.0.1]...
[2018-02-10 10:43:27,982] [INFO] Stellite Wallet is about to quit...
[2018-02-10 10:45:24,549] [INFO] Starting [Stellite GUI Wallet v.0.0.1]...
[2018-02-10 10:45:48,437] [INFO] Stellite Wallet is about to quit...
[2018-02-10 10:46:39,078] [INFO] Starting [Stellite GUI Wallet v.0.0.1]...
[2018-02-10 10:55:09,480] [INFO] Stellite Wallet is about to quit...
[2018-02-10 10:56:17,904] [INFO] Starting [Stellite GUI Wallet v.0.0.1]...
[2018-02-10 10:57:22,082] [INFO] Stellite Wallet is about to quit...
[2018-02-10 11:00:40,852] [INFO] Starting [Stellite GUI Wallet v.0.0.1]...
[2018-02-10 11:07:33,372] [INFO] Stellite Wallet is about to quit...
[2018-02-10 11:07:41,709] [INFO] Starting [Stellite GUI Wallet v.0.0.1]...
[2018-02-10 11:08:02,813] [INFO] Stellite Wallet is about to quit...
[2018-02-10 11:09:20,398] [INFO] Starting [Stellite GUI Wallet v.0.0.1]...
[2018-02-10 11:10:21,605] [INFO] Stellite Wallet is about to quit...
[2018-02-10 11:10:37,993] [INFO] Starting [Stellite GUI Wallet v.0.0.1]...
[2018-02-10 11:11:22,608] [INFO] Stellite Wallet is about to quit...
[2018-02-10 11:11:39,427] [INFO] Starting [Stellite GUI Wallet v.0.0.1]...
[2018-02-10 11:17:47,377] [INFO] Stellite Wallet is about to quit...
[2018-02-10 11:18:11,765] [INFO] Starting [Stellite GUI Wallet v.0.0.1]...
[2018-02-10 11:19:14,430] [INFO] Stellite Wallet is about to quit...
[2018-02-10 11:21:20,009] [INFO] Starting [Stellite GUI Wallet v.0.0.1]...
[2018-02-10 11:22:41,145] [INFO] Stellite Wallet is about to quit...
[2018-02-10 11:24:50,799] [INFO] Starting [Stellite GUI Wallet v.0.0.1]...
[2018-02-10 11:27:02,385] [INFO] Stellite Wallet is about to quit...
[2018-02-10 11:27:12,405] [INFO] Starting [Stellite GUI Wallet v.0.0.1]...
[2018-02-10 11:31:57,138] [INFO] Stellite Wallet is about to quit...
[2018-02-10 11:32:04,348] [INFO] Starting [Stellite GUI Wallet v.0.0.1]...
[2018-02-10 11:33:35,502] [INFO] Stellite Wallet is about to quit...
[2018-02-10 11:33:49,624] [INFO] Starting [Stellite GUI Wallet v.0.0.1]...
[2018-02-10 11:35:09,598] [INFO] Stellite Wallet is about to quit...
[2018-02-10 11:35:54,658] [INFO] Starting [Stellite GUI Wallet v.0.0.1]...
[2018-02-10 11:38:10,505] [INFO] Stellite Wallet is about to quit...
[2018-02-10 11:38:17,720] [INFO] Starting [Stellite GUI Wallet v.0.0.1]...
[2018-02-10 11:45:12,601] [INFO] Stellite Wallet is about to quit...
[2018-02-10 11:45:18,112] [INFO] Starting [Stellite GUI Wallet v.0.0.1]...
[2018-02-10 11:49:15,904] [INFO] Stellite Wallet is about to quit...
[2018-02-10 11:52:40,058] [INFO] Starting [Stellite GUI Wallet v.0.0.1]...
[2018-02-10 11:53:29,006] [INFO] Stellite Wallet is about to quit...
[2018-02-10 11:54:31,970] [INFO] Starting [Stellite GUI Wallet v.0.0.1]...
[2018-02-10 12:01:38,115] [INFO] Closing new wallet dialog...
[2018-02-10 12:03:50,420] [INFO] Stellite Wallet is about to quit...
[2018-02-10 12:05:26,142] [INFO] Starting [Stellite GUI Wallet v.0.0.1]...
[2018-02-10 12:12:17,703] [INFO] Closing new wallet dialog...
[2018-02-10 12:15:12,095] [INFO] Stellite Wallet is about to quit...
[2018-02-10 13:16:35,384] [INFO] Starting [Stellite GUI Wallet v.0.0.1]...
[2018-02-10 13:16:36,763] [INFO] Closing new wallet dialog...
[2018-02-10 13:16:36,779] [INFO] Stellite Wallet is about to quit...
[2018-02-10 13:16:40,477] [INFO] Starting [Stellite GUI Wallet v.0.0.1]...
[2018-02-10 13:17:46,069] [INFO] Closing new wallet dialog...
[2018-02-10 13:25:15,535] [INFO] Stellite Wallet is about to quit...
[2018-02-10 13:25:23,295] [INFO] Starting [Stellite GUI Wallet v.0.0.1]...
[2018-02-10 13:37:53,573] [INFO] Stellite Wallet is about to quit...
[2018-02-10 13:38:00,548] [INFO] Starting [Stellite GUI Wallet v.0.0.1]...
[2018-02-10 13:59:46,717] [INFO] Stellite Wallet is about to quit...
